[2025-10-08 15:25:00] [Info] [Main] WinRM Configuration Script v2.1.0 started
[2025-10-08 15:25:02] [Info] [Main] WinRM Configuration Script v2.1.0 started
[2025-10-08 15:25:02] [Info] [Status] Generating system status report
[2025-10-08 15:25:19] [Info] [Main] WinRM Configuration Script v2.1.0 started
[2025-10-08 15:25:19] [Info] [UserPermissions] Checking permissions for user: Administrator
[2025-10-08 15:25:19] [Warning] [UserValidation] AD module not available or user not found in AD
[2025-10-08 15:25:19] [Error] [UserPermissions] User Administrator does not exist
[2025-10-08 15:25:35] [Info] [Main] WinRM Configuration Script v2.1.0 started
[2025-10-08 15:25:35] [Info] [UserPermissions] Checking permissions for user: Administrator
[2025-10-08 15:25:36] [Info] [UserValidation] AD module not available or user not found in AD
[2025-10-08 15:25:36] [Info] [UserValidation] Found built-in user: Administrator
[2025-10-08 15:25:36] [Error] [UserValidation] Error checking Event Log Readers group membership: Exceção ao chamar "Invoke" com "2" argumento(s): "Não foi possível localizar o nome de grupo.
"
[2025-10-08 15:26:00] [Info] [Main] WinRM Configuration Script v2.1.0 started
[2025-10-08 15:26:00] [Info] [UserPermissions] Checking permissions for user: Administrator
[2025-10-08 15:26:00] [Info] [UserValidation] AD module not available or user not found in AD
[2025-10-08 15:26:00] [Info] [UserValidation] Found built-in user: Administrator
[2025-10-08 15:26:00] [Info] [UserValidation] ADSI method failed for Event Log Readers group
[2025-10-08 15:26:04] [Info] [Main] WinRM Configuration Script v2.1.0 started
[2025-10-08 15:26:04] [Info] [UserValidation] AD module not available or user not found in AD
[2025-10-08 15:26:04] [Info] [UserValidation] Found built-in user: Administrator
[2025-10-08 15:26:04] [Error] [UserManagement] Failed to add user to Event Log Readers group: A seguinte exceção ocorreu ao recuperar o membro "Add": "Não foi possível localizar o nome de grupo.
"
[2025-10-08 15:26:04] [Info] [Listener] Creating HTTP listener on port 5985
[2025-10-08 15:26:05] [Error] [Listener] Error creating HTTP listener: Failed to create HTTP listener
[2025-10-08 15:26:05] [Info] [Policies] Configuring WinRM policies
[2025-10-08 15:26:06] [Success] [Policies] WinRM policies configured successfully
[2025-10-08 15:26:06] [Success] [Main] WinRM configuration completed successfully
[2025-10-08 15:27:44] [Info] [Main] WinRM Configuration Script v2.1.0 started
[2025-10-08 15:27:44] [Info] [Status] Generating system status report
[2025-10-08 15:29:15] [Info] [Main] WinRM Configuration Script v2.1.0 started
[2025-10-08 15:29:19] [Info] [Main] WinRM Configuration Script v2.1.0 started
[2025-10-08 15:29:22] [Info] [Main] WinRM Configuration Script v2.1.0 started
[2025-10-08 15:29:25] [Info] [Main] WinRM Configuration Script v2.1.0 started
[2025-10-08 15:29:28] [Info] [Main] WinRM Configuration Script v2.1.0 started
[2025-10-08 15:29:47] [Info] [Main] WinRM Configuration Script v2.1.0 started
[2025-10-08 15:29:47] [Info] [Status] Generating system status report
[2025-10-08 15:30:31] [Info] [Main] WinRM Configuration Script v2.1.0 started
[2025-10-08 15:36:03] [Info] [Main] WinRM Configuration Script v2.1.0 started
[2025-10-08 15:36:06] [Info] [Main] WinRM Configuration Script v2.1.0 started
[2025-10-08 15:36:09] [Info] [Main] WinRM Configuration Script v2.1.0 started
[2025-10-08 15:36:13] [Info] [Main] WinRM Configuration Script v2.1.0 started
[2025-10-08 15:36:13] [Info] [Status] Generating system status report
[2025-10-08 15:36:56] [Info] [Main] WinRM Configuration Script v2.1.0 started
[2025-10-08 15:36:56] [Info] [UserPermissions] Checking permissions for user: Administrator
[2025-10-08 15:36:57] [Info] [UserValidation] AD module not available or user not found in AD
[2025-10-08 15:36:57] [Info] [UserValidation] Found built-in user: Administrator
[2025-10-08 15:36:57] [Info] [UserValidation] ADSI method failed for Event Log Readers group
[2025-10-08 15:37:11] [Info] [Main] WinRM Configuration Script v2.1.0 started
[2025-10-08 15:37:46] [Info] [Main] WinRM Configuration Script v2.1.0 started
[2025-10-08 15:37:46] [Error] [Main] User parameter is REQUIRED for Disable action
[2025-10-08 15:37:53] [Info] [Main] WinRM Configuration Script v2.1.0 started
[2025-10-08 15:37:53] [Info] [Main] Disabling WinRM listeners for user: Administrador
[2025-10-08 15:37:53] [Success] [Main] HTTP listener removed
[2025-10-08 15:37:54] [Success] [Main] HTTPS listener removed
[2025-10-08 15:38:01] [Success] [Main] WinRM listeners disabled successfully
[2025-10-08 15:39:46] [Info] [Main] WinRM Configuration Script v2.1.0 started
[2025-10-08 15:39:46] [Info] [Main] Disabling ALL WinRM listeners
[2025-10-08 15:39:47] [Success] [Main] HTTP listener removed
[2025-10-08 15:39:47] [Success] [Main] HTTPS listener removed
[2025-10-08 15:40:01] [Success] [Main] WinRM listeners disabled successfully
[2025-10-08 15:40:29] [Info] [Main] WinRM Configuration Script v2.1.0 started
[2025-10-08 15:40:29] [Info] [Listeners] Getting active WinRM listeners
[2025-10-08 15:40:32] [Info] [Main] WinRM Configuration Script v2.1.0 started
[2025-10-08 15:40:32] [Info] [Listeners] Getting active WinRM listeners
[2025-10-08 15:40:48] [Info] [Main] WinRM Configuration Script v2.1.0 started
[2025-10-08 15:40:48] [Info] [Listeners] Getting active WinRM listeners
[2025-10-08 15:41:19] [Info] [Main] WinRM Configuration Script v2.1.0 started
[2025-10-08 15:41:19] [Info] [Listeners] Getting active WinRM listeners
[2025-10-08 15:41:21] [Info] [Main] WinRM Configuration Script v2.1.0 started
[2025-10-08 15:41:21] [Info] [Listeners] Getting active WinRM listeners
[2025-10-08 15:41:23] [Info] [Main] WinRM Configuration Script v2.1.0 started
[2025-10-08 15:41:23] [Info] [Listeners] Getting active WinRM listeners
[2025-10-08 15:41:26] [Info] [Main] WinRM Configuration Script v2.1.0 started
[2025-10-08 15:41:26] [Info] [Listeners] Getting active WinRM listeners
[2025-10-08 15:41:34] [Info] [Main] WinRM Configuration Script v2.1.0 started
[2025-10-08 15:41:34] [Info] [Status] Generating system status report
[2025-10-08 15:41:52] [Info] [Main] WinRM Configuration Script v2.1.0 started
[2025-10-08 15:41:52] [Info] [Listeners] Getting active WinRM listeners
[2025-10-08 15:42:02] [Info] [Main] WinRM Configuration Script v2.1.0 started
[2025-10-08 15:42:02] [Info] [Listeners] Getting active WinRM listeners
[2025-10-08 15:42:04] [Info] [Main] WinRM Configuration Script v2.1.0 started
[2025-10-08 15:42:04] [Info] [Listeners] Getting active WinRM listeners
[2025-10-08 15:42:05] [Info] [Main] WinRM Configuration Script v2.1.0 started
[2025-10-08 15:42:05] [Info] [Listeners] Getting active WinRM listeners
[2025-10-08 15:42:06] [Info] [Main] WinRM Configuration Script v2.1.0 started
[2025-10-08 15:42:06] [Info] [Listeners] Getting active WinRM listeners
[2025-10-08 15:42:07] [Info] [Main] WinRM Configuration Script v2.1.0 started
[2025-10-08 15:42:08] [Info] [Listeners] Getting active WinRM listeners
[2025-10-08 15:42:09] [Info] [Main] WinRM Configuration Script v2.1.0 started
[2025-10-08 15:42:09] [Info] [Listeners] Getting active WinRM listeners
[2025-10-08 15:42:14] [Info] [Main] WinRM Configuration Script v2.1.0 started
[2025-10-08 15:42:14] [Info] [Listeners] Getting active WinRM listeners
[2025-10-08 15:42:15] [Info] [Main] WinRM Configuration Script v2.1.0 started
[2025-10-08 15:42:15] [Info] [Listeners] Getting active WinRM listeners
[2025-10-08 15:42:19] [Info] [Main] WinRM Configuration Script v2.1.0 started
[2025-10-08 15:42:19] [Info] [Listeners] Getting active WinRM listeners
[2025-10-08 15:42:20] [Info] [Main] WinRM Configuration Script v2.1.0 started
[2025-10-08 15:42:20] [Info] [Listeners] Getting active WinRM listeners
[2025-10-08 15:42:37] [Info] [Main] WinRM Configuration Script v2.1.0 started
[2025-10-08 15:42:37] [Info] [Status] Generating system status report
[2025-10-08 15:42:49] [Info] [Main] WinRM Configuration Script v2.1.0 started
[2025-10-08 15:42:49] [Info] [Listeners] Getting active WinRM listeners
[2025-10-08 15:42:56] [Info] [Main] WinRM Configuration Script v2.1.0 started
[2025-10-08 15:43:01] [Info] [Main] WinRM Configuration Script v2.1.0 started
[2025-10-08 15:43:01] [Info] [Main] WinRM Configuration Script v2.1.0 started
[2025-10-08 15:43:01] [Info] [Listeners] Getting active WinRM listeners
[2025-10-08 15:43:08] [Info] [Main] WinRM Configuration Script v2.1.0 started
[2025-10-08 15:43:08] [Info] [Listeners] Getting active WinRM listeners
[2025-10-08 15:43:19] [Info] [Main] WinRM Configuration Script v2.1.0 started
[2025-10-08 15:43:19] [Info] [Listeners] Getting active WinRM listeners
[2025-10-08 15:43:48] [Info] [Main] WinRM Configuration Script v2.1.0 started
[2025-10-08 15:43:48] [Info] [Listeners] Getting active WinRM listeners
[2025-10-08 15:43:49] [Info] [Main] WinRM Configuration Script v2.1.0 started
[2025-10-08 15:43:49] [Info] [Listeners] Getting active WinRM listeners
[2025-10-08 15:44:02] [Info] [Main] WinRM Configuration Script v2.1.0 started
[2025-10-08 15:44:15] [Info] [Main] WinRM Configuration Script v2.1.0 started
[2025-10-08 15:44:15] [Info] [Status] Generating system status report
[2025-10-08 15:46:27] [Info] [Main] WinRM Configuration Script v2.1.0 started
[2025-10-08 15:46:27] [Info] [Status] Generating system status report
[2025-10-08 15:46:32] [Info] [Main] WinRM Configuration Script v2.1.0 started
[2025-10-08 15:46:32] [Info] [Status] Generating system status report
[2025-10-08 15:46:35] [Info] [Main] WinRM Configuration Script v2.1.0 started
[2025-10-08 15:46:35] [Info] [Status] Generating system status report
[2025-10-08 15:46:43] [Info] [Main] WinRM Configuration Script v2.1.0 started
[2025-10-08 15:46:43] [Info] [Listeners] Getting active WinRM listeners
[2025-10-08 15:46:47] [Info] [Main] WinRM Configuration Script v2.1.0 started
[2025-10-08 15:46:47] [Info] [Status] Generating system status report
[2025-10-08 15:46:48] [Info] [Main] WinRM Configuration Script v2.1.0 started
[2025-10-08 15:46:48] [Info] [Firewall] Configuring firewall rules for WEC communication
[2025-10-08 15:46:58] [Info] [Main] WinRM Configuration Script v2.1.0 started
[2025-10-08 15:46:58] [Info] [Status] Generating system status report
[2025-10-08 15:47:04] [Success] [Firewall] Created firewall rule for custom port 8080
[2025-10-08 15:47:07] [Info] [Main] WinRM Configuration Script v2.1.0 started
[2025-10-08 15:47:07] [Info] [Status] Generating system status report
[2025-10-08 15:47:08] [Info] [Main] WinRM Configuration Script v2.1.0 started
[2025-10-08 15:47:08] [Info] [Status] Generating system status report
[2025-10-08 15:47:27] [Info] [Main] WinRM Configuration Script v2.1.0 started
[2025-10-08 15:47:27] [Info] [Status] Generating system status report
[2025-10-08 15:51:14] [Info] [Main] WinRM Configuration Script v2.1.0 started
[2025-10-08 15:51:14] [Info] [Status] Generating system status report
[2025-10-08 15:51:36] [Info] [Main] WinRM Configuration Script v2.1.0 started
[2025-10-08 15:51:37] [Info] [Status] Generating system status report
[2025-10-08 15:52:07] [Info] [Main] WinRM Configuration Script v2.1.0 started
[2025-10-08 15:52:07] [Info] [Status] Generating system status report
[2025-10-08 15:52:20] [Info] [Main] WinRM Configuration Script v2.1.0 started
[2025-10-08 15:52:20] [Info] [Status] Generating system status report
[2025-10-08 15:52:34] [Info] [Main] WinRM Configuration Script v2.1.0 started
[2025-10-08 15:52:34] [Info] [Status] Generating system status report
[2025-10-08 15:53:03] [Info] [Main] WinRM Configuration Script v2.1.0 started
[2025-10-08 15:53:03] [Info] [Status] Generating system status report
[2025-10-08 15:56:14] [Info] [Main] WinRM Configuration Script v2.1.0 started
[2025-10-08 15:56:14] [Info] [Status] Generating system status report
[2025-10-08 15:56:30] [Info] [Main] WinRM Configuration Script v2.1.0 started
[2025-10-08 15:56:30] [Info] [Status] Generating system status report
[2025-10-08 15:56:47] [Info] [Main] WinRM Configuration Script v2.1.0 started
[2025-10-08 15:56:47] [Info] [Status] Generating system status report
[2025-10-08 16:02:54] [Info] [Main] WinRM Configuration Script v2.1.0 started
[2025-10-08 16:02:54] [Info] [Status] Generating system status report
[2025-10-08 16:03:45] [Info] [Main] WinRM Configuration Script v2.1.0 started
[2025-10-08 16:03:45] [Info] [Status] Generating system status report
[2025-10-08 16:04:03] [Info] [Main] WinRM Configuration Script v2.1.0 started
[2025-10-08 16:04:03] [Info] [Status] Generating system status report
[2025-10-08 16:04:57] [Info] [Main] WinRM Configuration Script v2.1.0 started
[2025-10-08 16:04:57] [Info] [Status] Generating system status report
[2025-10-08 16:05:39] [Info] [Main] WinRM Configuration Script v2.1.0 started
[2025-10-08 16:05:39] [Info] [Status] Generating system status report
[2025-10-08 16:05:53] [Info] [Main] WinRM Configuration Script v2.1.0 started
[2025-10-08 16:05:53] [Info] [Status] Generating system status report
[2025-10-08 16:06:13] [Info] [Main] WinRM Configuration Script v2.1.0 started
[2025-10-08 16:06:13] [Info] [Status] Generating system status report
[2025-10-08 16:08:16] [Info] [Main] WinRM Configuration Script v2.1.0 started
[2025-10-08 16:08:16] [Info] [Status] Generating system status report
[2025-10-08 16:08:34] [Info] [Main] WinRM Configuration Script v2.1.0 started
[2025-10-08 16:08:34] [Info] [Status] Generating system status report
[2025-10-08 16:08:48] [Info] [Main] WinRM Configuration Script v2.1.0 started
[2025-10-08 16:08:48] [Info] [Status] Generating system status report
[2025-10-08 16:09:21] [Info] [Main] WinRM Configuration Script v2.1.0 started
[2025-10-08 16:09:21] [Info] [Status] Generating system status report
[2025-10-08 16:09:48] [Info] [Main] WinRM Configuration Script v2.1.0 started
[2025-10-08 16:09:48] [Info] [Listeners] Getting active WinRM listeners
[2025-10-08 16:10:38] [Info] [Main] WinRM Configuration Script v2.1.0 started
[2025-10-08 16:10:38] [Info] [Listeners] Getting active WinRM listeners
[2025-10-08 16:10:43] [Info] [Main] WinRM Configuration Script v2.1.0 started
[2025-10-08 16:10:43] [Info] [UserValidation] AD module not available or user not found in AD
[2025-10-08 16:10:43] [Info] [UserValidation] Found built-in user: Administrator
[2025-10-08 16:10:44] [Error] [UserManagement] Failed to add user to Event Log Readers group: A seguinte exceção ocorreu ao recuperar o membro "Add": "Não foi possível localizar o nome de grupo.
"
[2025-10-08 16:10:44] [Info] [Listener] Creating HTTP listener on port 5985
[2025-10-08 16:10:45] [Success] [Listener] HTTP listener configured successfully on port 5985
[2025-10-08 16:10:45] [Info] [Policies] Configuring WinRM policies
[2025-10-08 16:10:46] [Success] [Policies] WinRM policies configured successfully
[2025-10-08 16:10:46] [Success] [Main] WinRM configuration completed successfully
[2025-10-08 16:10:50] [Info] [Main] WinRM Configuration Script v2.1.0 started
[2025-10-08 16:10:51] [Info] [Listeners] Getting active WinRM listeners
[2025-10-08 16:10:55] [Info] [Main] WinRM Configuration Script v2.1.0 started
[2025-10-08 16:10:55] [Info] [Status] Generating system status report
[2025-10-08 16:11:16] [Info] [Main] WinRM Configuration Script v2.1.0 started
[2025-10-08 16:11:16] [Info] [Listeners] Getting active WinRM listeners
[2025-10-08 16:11:17] [Info] [Main] WinRM Configuration Script v2.1.0 started
[2025-10-08 16:11:17] [Info] [Listeners] Getting active WinRM listeners
[2025-10-08 16:11:22] [Info] [Main] WinRM Configuration Script v2.1.0 started
[2025-10-08 16:11:22] [Info] [Status] Generating system status report
[2025-10-08 16:11:32] [Info] [Main] WinRM Configuration Script v2.1.0 started
[2025-10-08 16:11:32] [Info] [Status] Generating system status report
[2025-10-08 16:11:33] [Info] [Main] WinRM Configuration Script v2.1.0 started
[2025-10-08 16:11:33] [Info] [Listeners] Getting active WinRM listeners
[2025-10-08 16:11:45] [Info] [Main] WinRM Configuration Script v2.1.0 started
[2025-10-08 16:11:45] [Info] [Listeners] Getting active WinRM listeners
[2025-10-08 16:12:34] [Info] [Main] WinRM Configuration Script v2.1.0 started
[2025-10-08 16:12:34] [Info] [Listeners] Getting active WinRM listeners
[2025-10-08 16:12:43] [Info] [Listeners] Getting active WinRM listeners
[2025-10-08 16:12:44] [Success] [Main] WinRM service disabled successfully
[2025-10-08 16:12:44] [Success] [Main] WinRM listeners disabled successfully
[2025-10-08 16:12:47] [Info] [Main] WinRM Configuration Script v2.1.0 started
[2025-10-08 16:12:47] [Info] [Status] Generating system status report
[2025-10-08 16:12:50] [Info] [Main] WinRM Configuration Script v2.1.0 started
[2025-10-08 16:12:50] [Info] [Listeners] Getting active WinRM listeners
[2025-10-08 16:13:36] [Info] [Main] WinRM Configuration Script v2.1.0 started
[2025-10-08 16:13:36] [Info] [Status] Generating system status report
[2025-10-08 16:14:47] [Info] [Main] WinRM Configuration Script v2.1.0 started
[2025-10-08 16:14:47] [Info] [Status] Generating system status report
[2025-10-08 16:15:02] [Info] [Main] WinRM Configuration Script v2.1.0 started
[2025-10-08 16:15:03] [Info] [UserValidation] AD module not available or user not found in AD
[2025-10-08 16:15:03] [Info] [UserValidation] Found built-in user: Administrator
[2025-10-08 16:15:03] [Error] [UserManagement] Failed to add user to Event Log Readers group: A seguinte exceção ocorreu ao recuperar o membro "Add": "Não foi possível localizar o nome de grupo.
"
[2025-10-08 16:15:03] [Info] [Listener] Creating HTTP listener on port 5985
[2025-10-08 16:15:12] [Error] [Listener] Error creating HTTP listener: Failed to create HTTP listener
[2025-10-08 16:15:12] [Info] [Policies] Configuring WinRM policies
[2025-10-08 16:15:25] [Success] [Policies] WinRM policies configured successfully
[2025-10-08 16:15:25] [Success] [Main] WinRM configuration completed successfully
[2025-10-08 16:15:28] [Info] [Main] WinRM Configuration Script v2.1.0 started
[2025-10-08 16:15:28] [Info] [Status] Generating system status report
[2025-10-08 16:15:30] [Info] [Main] WinRM Configuration Script v2.1.0 started
[2025-10-08 16:15:30] [Info] [Status] Generating system status report
[2025-10-08 16:15:45] [Info] [Main] WinRM Configuration Script v2.1.0 started
[2025-10-08 16:15:45] [Info] [Status] Generating system status report
[2025-10-08 16:16:48] [Info] [Main] WinRM Configuration Script v2.1.0 started
[2025-10-08 16:16:48] [Info] [Status] Generating system status report
[2025-10-08 16:17:14] [Info] [Main] WinRM Configuration Script v2.1.0 started
[2025-10-08 16:17:14] [Error] [Main] Failed to start WinRM service: O serviço 'Windows Remote Management (WS-Management) (WinRM)' não pode ser iniciado devido ao seguinte erro: Não é possível iniciar o serviço WinRM no computador '.'.
[2025-10-08 16:17:31] [Info] [Main] WinRM Configuration Script v2.1.0 started
[2025-10-08 16:17:32] [Info] [Main] WinRM quickconfig completed with warnings
[2025-10-08 16:17:33] [Info] [UserValidation] AD module not available or user not found in AD
[2025-10-08 16:17:33] [Info] [UserValidation] Found built-in user: Administrator
[2025-10-08 16:17:33] [Error] [UserManagement] Failed to add user to Event Log Readers group: A seguinte exceção ocorreu ao recuperar o membro "Add": "Não foi possível localizar o nome de grupo.
"
[2025-10-08 16:17:33] [Info] [Listener] Creating HTTP listener on port 5985
[2025-10-08 16:17:34] [Success] [Listener] HTTP listener configured successfully on port 5985
[2025-10-08 16:17:34] [Info] [Policies] Configuring WinRM policies
[2025-10-08 16:17:35] [Success] [Policies] WinRM policies configured successfully
[2025-10-08 16:17:35] [Success] [Main] WinRM configuration completed successfully
[2025-10-08 16:17:41] [Info] [Main] WinRM Configuration Script v2.1.0 started
[2025-10-08 16:17:41] [Info] [Status] Generating system status report
[2025-10-08 16:18:09] [Info] [Main] WinRM Configuration Script v2.1.0 started
[2025-10-08 16:18:09] [Info] [Status] Generating system status report
[2025-10-08 16:18:32] [Info] [Main] WinRM Configuration Script v2.1.0 started
[2025-10-08 16:18:45] [Info] [Main] WinRM Configuration Script v2.1.0 started
[2025-10-08 16:18:45] [Info] [Status] Generating system status report
[2025-10-08 16:18:56] [Info] [Policies] Getting WinRM policies status
[2025-10-08 16:19:46] [Info] [Main] WinRM Configuration Script v2.1.0 started
[2025-10-08 16:19:46] [Info] [Status] Generating system status report
[2025-10-08 16:19:59] [Info] [Policies] Getting WinRM policies status
[2025-10-08 16:20:22] [Info] [Main] WinRM Configuration Script v2.1.0 started
[2025-10-08 16:20:22] [Info] [Status] Generating system status report
[2025-10-08 16:20:35] [Info] [Policies] Getting WinRM policies status
[2025-10-08 16:21:44] [Info] [Main] WinRM Configuration Script v2.1.0 started
[2025-10-08 16:21:44] [Info] [Status] Generating system status report
[2025-10-08 16:21:52] [Info] [Policies] Getting WinRM policies status
[2025-10-08 16:57:29] [Info] [Main] WinRM Configuration Script v2.1.0 started
[2025-10-08 16:57:29] [Info] [Status] Generating system status report
[2025-10-08 16:57:41] [Info] [Policies] Getting WinRM policies status
[2025-10-08 16:58:00] [Info] [Main] WinRM Configuration Script v2.1.0 started
[2025-10-08 16:58:00] [Info] [Status] Generating system status report
[2025-10-08 16:58:10] [Info] [Policies] Getting WinRM policies status
[2025-10-08 16:58:28] [Info] [Main] WinRM Configuration Script v2.1.0 started
[2025-10-08 16:58:28] [Info] [Status] Generating system status report
[2025-10-08 16:58:37] [Info] [Policies] Getting WinRM policies status
[2025-10-08 16:58:56] [Info] [Main] WinRM Configuration Script v2.1.0 started
[2025-10-08 16:58:56] [Info] [Status] Generating system status report
[2025-10-08 16:59:05] [Info] [Policies] Getting WinRM policies status
[2025-10-08 16:59:27] [Info] [Main] WinRM Configuration Script v2.1.0 started
[2025-10-08 16:59:27] [Info] [Status] Generating system status report
[2025-10-08 16:59:34] [Info] [Main] WinRM Configuration Script v2.1.0 started
[2025-10-08 16:59:34] [Info] [Status] Generating system status report
[2025-10-08 16:59:35] [Info] [Policies] Getting WinRM policies status
[2025-10-08 16:59:41] [Info] [Policies] Getting WinRM policies status
[2025-10-08 16:59:55] [Info] [Main] WinRM Configuration Script v2.1.0 started
[2025-10-08 16:59:55] [Info] [Status] Generating system status report
[2025-10-08 17:00:03] [Info] [Policies] Getting WinRM policies status
[2025-10-08 17:00:24] [Info] [Main] WinRM Configuration Script v2.1.0 started
[2025-10-08 17:00:24] [Info] [Status] Generating system status report
[2025-10-08 17:00:33] [Info] [Policies] Getting WinRM policies status
[2025-10-08 17:01:14] [Info] [Main] WinRM Configuration Script v2.1.0 started
[2025-10-08 17:01:14] [Info] [Status] Generating system status report
[2025-10-08 17:01:22] [Info] [Policies] Getting WinRM policies status
[2025-10-08 17:19:10] [Info] [Main] WinRM Configuration Script v2.1.0 started
[2025-10-08 17:19:10] [Info] [Status] Generating system status report
[2025-10-08 17:19:23] [Info] [Policies] Getting WinRM policies status
[2025-10-08 17:19:42] [Info] [Main] WinRM Configuration Script v2.1.0 started
[2025-10-08 17:19:42] [Info] [Status] Generating system status report
[2025-10-08 17:19:55] [Info] [Policies] Getting WinRM policies status
[2025-10-08 17:20:12] [Info] [Main] WinRM Configuration Script v2.1.0 started
[2025-10-08 17:20:12] [Info] [Status] Generating system status report
[2025-10-08 17:20:25] [Info] [Policies] Getting WinRM policies status
[2025-10-08 17:20:46] [Info] [Main] WinRM Configuration Script v2.1.0 started
[2025-10-08 17:20:46] [Info] [Status] Generating system status report
[2025-10-08 17:20:58] [Info] [Policies] Getting WinRM policies status
[2025-10-08 17:21:20] [Info] [Main] WinRM Configuration Script v2.1.0 started
[2025-10-08 17:21:20] [Info] [Status] Generating system status report
[2025-10-08 17:21:32] [Info] [Policies] Getting WinRM policies status
[2025-10-08 17:22:51] [Info] [Main] WinRM Configuration Script v2.1.0 started
[2025-10-08 17:22:51] [Info] [Status] Generating system status report
[2025-10-08 17:23:01] [Info] [Policies] Getting WinRM policies status
[2025-10-08 17:23:04] [Info] [Main] WinRM Configuration Script v2.1.0 started
[2025-10-08 17:23:04] [Info] [Status] Generating system status report
[2025-10-08 17:23:22] [Info] [Main] WinRM Configuration Script v2.1.0 started
[2025-10-08 17:23:22] [Info] [Status] Generating system status report
[2025-10-08 17:23:34] [Info] [Main] WinRM Configuration Script v2.1.0 started
[2025-10-08 17:23:34] [Info] [Status] Generating system status report
[2025-10-08 17:55:42] [Info] [Main] WinRM Configuration Script v2.1.0 started
[2025-10-08 17:55:42] [Info] [Status] Generating system status report
[2025-10-08 17:55:55] [Info] [Main] WinRM Configuration Script v2.1.0 started
[2025-10-08 17:55:55] [Info] [Status] Generating system status report
[2025-10-08 17:56:05] [Info] [Main] WinRM Configuration Script v2.1.0 started
[2025-10-08 17:56:05] [Info] [Status] Generating system status report
[2025-10-08 17:56:40] [Info] [Main] WinRM Configuration Script v2.1.0 started
[2025-10-08 17:56:40] [Info] [Status] Generating system status report
[2025-10-08 17:59:38] [Info] [Main] WinRM Configuration Script v2.1.0 started
[2025-10-08 17:59:38] [Info] [Status] Generating system status report
[2025-10-08 18:00:01] [Info] [Main] WinRM Configuration Script v2.1.0 started
[2025-10-08 18:00:01] [Info] [Status] Generating system status report
[2025-10-08 18:01:00] [Info] [Main] WinRM Configuration Script v2.1.0 started
[2025-10-08 18:01:11] [Info] [Main] WinRM Configuration Script v2.1.0 started
[2025-10-08 18:02:34] [Info] [Main] WinRM Configuration Script v2.1.0 started
[2025-10-08 18:02:38] [Info] [Main] WinRM Configuration Script v2.1.0 started
[2025-10-08 18:02:43] [Info] [Main] WinRM Configuration Script v2.1.0 started
[2025-10-08 18:02:48] [Info] [Main] WinRM Configuration Script v2.1.0 started
[2025-10-08 18:03:17] [Info] [Main] WinRM Configuration Script v2.1.0 started
[2025-10-08 18:03:19] [Info] [Main] WinRM Configuration Script v2.1.0 started
[2025-10-08 18:03:25] [Info] [Main] WinRM Configuration Script v2.1.0 started
[2025-10-08 18:04:08] [Info] [Main] WinRM Configuration Script v2.1.0 started
[2025-10-08 18:04:08] [Error] [Main] WecIp and WecHostname parameters are REQUIRED for ConfigureFirewall action
[2025-10-08 18:10:31] [Info] [Main] WinRM Configuration Script v2.1.0 started
[2025-10-08 18:12:50] [Info] [Main] WinRM Configuration Script v2.1.0 started
[2025-10-08 18:14:01] [Info] [Main] WinRM Configuration Script v2.1.0 started
[2025-10-08 18:14:01] [Info] [Status] Generating system status report
[2025-10-08 18:15:22] [Info] [Main] WinRM Configuration Script v2.1.0 started
[2025-10-08 18:16:05] [Info] [Main] WinRM Configuration Script v2.1.0 started
[2025-10-08 18:17:08] [Info] [Main] WinRM Configuration Script v2.1.0 started
[2025-10-08 18:18:45] [Info] [Main] WinRM Configuration Script v2.1.0 started
[2025-10-08 18:19:57] [Info] [Main] WinRM Configuration Script v2.1.0 started
[2025-10-08 18:23:36] [Info] [Main] WinRM Configuration Script v2.1.0 started
[2025-10-08 18:25:16] [Info] [Main] WinRM Configuration Script v2.1.0 started
[2025-10-08 18:26:39] [Info] [Main] WinRM Configuration Script v2.1.0 started
[2025-10-08 18:30:39] [Info] [Main] WinRM Configuration Script v2.1.0 started
[2025-10-08 18:31:42] [Info] [Main] WinRM Configuration Script v2.1.0 started
[2025-10-08 18:32:40] [Info] [Main] WinRM Configuration Script v2.1.0 started
[2025-10-08 18:34:41] [Info] [Main] WinRM Configuration Script v2.1.0 started
[2025-10-08 18:34:41] [Info] [Status] Generating system status report
[2025-10-08 18:39:05] [Info] [Main] WinRM Configuration Script v2.1.0 started
[2025-10-08 18:39:05] [Info] [Status] Generating system status report
[2025-10-08 18:40:37] [Info] [Main] WinRM Configuration Script v2.1.0 started
[2025-10-08 18:40:37] [Info] [Status] Generating system status report
[2025-10-08 18:42:37] [Info] [Main] WinRM Configuration Script v2.1.0 started
[2025-10-08 18:42:37] [Info] [Status] Generating system status report
[2025-10-08 18:43:25] [Info] [Main] WinRM Configuration Script v2.1.0 started
[2025-10-08 18:43:25] [Info] [Status] Generating system status report
[2025-10-08 18:43:34] [Info] [Main] WinRM Configuration Script v2.1.0 started
[2025-10-08 18:44:09] [Info] [Main] WinRM Configuration Script v2.1.0 started
[2025-10-08 18:44:09] [Info] [Policies] Configuring WinRM policies
[2025-10-08 18:44:09] [Success] [Policies] WinRM policies configured successfully
[2025-10-08 18:47:44] [Info] [Main] WinRM Configuration Script v2.1.0 started
[2025-10-08 18:47:44] [Info] [Policies] Configuring WinRM policies
[2025-10-08 18:47:45] [Success] [Policies] WinRM policies configured successfully
[2025-10-08 18:50:08] [Info] [Main] WinRM Configuration Script v2.1.0 started
[2025-10-08 18:50:08] [Info] [Policies] Configuring WinRM policies
[2025-10-08 18:50:33] [Success] [Policies] WinRM policies configured successfully
[2025-10-08 18:50:45] [Info] [Main] WinRM Configuration Script v2.1.0 started
[2025-10-08 18:50:45] [Info] [Policies] Configuring WinRM policies
[2025-10-08 18:50:57] [Success] [Policies] WinRM policies configured successfully
[2025-10-08 18:52:05] [Info] [Main] WinRM Configuration Script v2.1.0 started
[2025-10-08 18:52:05] [Info] [Policies] Configuring WinRM policies
[2025-10-08 18:52:15] [Success] [Policies] WinRM policies configured successfully
[2025-10-08 18:52:39] [Info] [Main] WinRM Configuration Script v2.1.0 started
[2025-10-08 18:52:39] [Info] [Policies] Configuring WinRM policies
[2025-10-08 18:52:43] [Success] [Policies] WinRM policies configured successfully
[2025-10-08 18:55:35] [Info] [Main] WinRM Configuration Script v2.1.0 started
[2025-10-08 18:55:35] [Info] [Policies] Configuring WinRM policies
[2025-10-08 18:55:35] [Success] [Policies] WinRM policies configured successfully
[2025-10-08 18:56:14] [Info] [Main] WinRM Configuration Script v2.1.0 started
[2025-10-08 18:56:14] [Info] [Status] Generating system status report
[2025-10-08 19:00:55] [Info] [Main] WinRM Configuration Script v2.1.0 started
[2025-10-08 19:00:55] [Info] [UserPermissions] Checking permissions for user: Administrator
[2025-10-08 19:00:55] [Info] [UserValidation] AD module not available or user not found in AD
[2025-10-08 19:00:55] [Info] [UserValidation] Found built-in user: Administrator
[2025-10-08 19:00:55] [Info] [UserValidation] ADSI method failed for Event Log Readers group
[2025-10-08 19:01:18] [Info] [Main] WinRM Configuration Script v2.1.0 started
[2025-10-08 19:01:18] [Info] [UserPermissions] Checking permissions for user: Administrator
[2025-10-08 19:01:19] [Info] [UserValidation] AD module not available or user not found in AD
[2025-10-08 19:01:19] [Info] [UserValidation] Found built-in user: Administrator
[2025-10-08 19:01:19] [Info] [UserValidation] ADSI method failed for Event Log Readers group
[2025-10-08 19:01:21] [Info] [Main] WinRM Configuration Script v2.1.0 started
[2025-10-08 19:01:21] [Info] [UserPermissions] Checking permissions for user: usuario_inexistente
[2025-10-08 19:01:22] [Info] [UserValidation] AD module not available or user not found in AD
[2025-10-08 19:01:22] [Warning] [UserValidation] User not found: usuario_inexistente
[2025-10-08 19:01:22] [Error] [UserPermissions] User usuario_inexistente does not exist
[2025-10-08 19:01:24] [Info] [Main] WinRM Configuration Script v2.1.0 started
[2025-10-08 19:01:24] [Info] [UserPermissions] Checking permissions for user: SYSTEM
[2025-10-08 19:01:24] [Info] [UserValidation] AD module not available or user not found in AD
[2025-10-08 19:01:24] [Info] [UserValidation] Found built-in user: SYSTEM
[2025-10-08 19:01:24] [Info] [UserValidation] ADSI method failed for Event Log Readers group
[2025-10-08 19:03:03] [Info] [Main] WinRM Configuration Script v2.1.0 started
[2025-10-08 19:03:03] [Info] [Policies] Configuring WinRM policies
[2025-10-08 19:03:04] [Success] [Policies] WinRM policies configured successfully
[2025-10-08 19:03:07] [Info] [Main] WinRM Configuration Script v2.1.0 started
[2025-10-08 19:03:09] [Info] [Main] WinRM Configuration Script v2.1.0 started
[2025-10-08 19:03:11] [Info] [Main] WinRM Configuration Script v2.1.0 started
[2025-10-08 19:03:13] [Info] [Main] WinRM Configuration Script v2.1.0 started
[2025-10-08 19:03:16] [Info] [Main] WinRM Configuration Script v2.1.0 started
[2025-10-08 19:03:18] [Info] [Main] WinRM Configuration Script v2.1.0 started
[2025-10-08 19:04:58] [Info] [Main] WinRM Configuration Script v2.1.0 started
[2025-10-08 19:05:00] [Info] [Main] WinRM Configuration Script v2.1.0 started
[2025-10-08 19:05:05] [Info] [Main] WinRM Configuration Script v2.1.0 started
[2025-10-08 19:12:52] [Info] [Main] WinRM Configuration Script v2.1.0 started
[2025-10-08 19:12:52] [Info] [Certificates] Retrieving all certificates
[2025-10-08 19:12:56] [Info] [Main] WinRM Configuration Script v2.1.0 started
[2025-10-08 19:12:56] [Info] [CertificateExport] Exporting CA certificate to: C:\temp\ca-cert.cer
[2025-10-08 19:12:56] [Success] [CertificateExport] CA certificate exported successfully to: C:\temp\ca-cert.cer
[2025-10-08 19:12:59] [Info] [Main] WinRM Configuration Script v2.1.0 started
[2025-10-08 19:12:59] [Info] [Report] Generating comprehensive WinRM report
[2025-10-08 19:13:00] [Info] [Listeners] Getting active WinRM listeners
[2025-10-08 19:13:07] [Success] [Report] Comprehensive report generated successfully
[2025-10-08 19:13:10] [Info] [Main] WinRM Configuration Script v2.1.0 started
[2025-10-08 19:15:35] [Info] [Main] WinRM Configuration Script v2.1.0 started
[2025-10-08 19:15:35] [Info] [Certificates] Retrieving all certificates
[2025-10-08 19:15:35] [Success] [Certificates] Certificate listing completed successfully
[2025-10-08 19:15:47] [Info] [Main] WinRM Configuration Script v2.1.0 started
[2025-10-08 19:15:47] [Info] [Certificates] Retrieving all certificates
[2025-10-08 19:15:47] [Success] [Certificates] Certificate listing completed successfully
