[2025-10-08 13:17:12] [Info] Initializing WinRM Configuration Script Enhanced v2.1.0
[2025-10-08 13:17:12] [Info] Log file initialized: .\log\winrmconfig_enhanced_20251008.log
[2025-10-08 13:17:12] [Info] Gerando status rápido do WinRM...
[2025-10-08 13:17:21] [Success] Configuracao completa finalizada
[2025-10-08 13:48:01] [Info] [Main] [PID:3404] [TID:17] Obtendo status rapido | Details: Action=status
[2025-10-08 13:48:01] [Info] [Main] [PID:3404] [TID:17] Gerando status rápido do WinRM...
[2025-10-08 13:48:16] [Success] [Main] [PID:3404] [TID:17] Configuracao completa finalizada | Details: Port=0 ThumbPrint= User= ListenerType= Action=status
[2025-10-08 13:49:31] [Info] [Main] [PID:33828] [TID:17] Inicializando WinRM Configuration Script Enhanced v2.1.0 | Details: Language=pt-BR Version=2.1.0 Action=status LogLevel=Info
[2025-10-08 13:49:31] [Info] [Main] [PID:33828] [TID:17] Arquivo de log inicializado: .\log\winrmconfig_enhanced_20251008.log | Details: LogPath=.\log LogFile=.\log\winrmconfig_enhanced_20251008.log
[2025-10-08 13:49:31] [Info] [Main] [PID:33828] [TID:17] Obtendo status rapido | Details: Action=status
[2025-10-08 13:49:31] [Info] [Main] [PID:33828] [TID:17] Gerando status rápido do WinRM...
[2025-10-08 13:49:39] [Info] [Main] [PID:15452] [TID:17] Inicializando WinRM Configuration Script Enhanced v2.1.0 | Details: Language=pt-BR Version=2.1.0 Action=status LogLevel=Info
[2025-10-08 13:49:39] [Info] [Main] [PID:15452] [TID:17] Arquivo de log inicializado: .\log\winrmconfig_enhanced_20251008.log | Details: LogPath=.\log LogFile=.\log\winrmconfig_enhanced_20251008.log
[2025-10-08 13:49:39] [Info] [Main] [PID:15452] [TID:17] Obtendo status rapido | Details: Action=status
[2025-10-08 13:49:39] [Info] [Main] [PID:15452] [TID:17] Gerando status rápido do WinRM...
[2025-10-08 13:49:45] [Success] [Main] [PID:33828] [TID:17] Configuracao completa finalizada | Details: Port=0 ThumbPrint= User= ListenerType= Action=status
[2025-10-08 13:49:50] [Success] [Main] [PID:15452] [TID:17] Configuracao completa finalizada | Details: Port=0 ThumbPrint= User= ListenerType= Action=status
[2025-10-08 13:50:01] [Info] [Main] [PID:29248] [TID:16] Initializing WinRM Configuration Script Enhanced v2.1.0 | Details: Language=en-US Version=2.1.0 Action=status LogLevel=Info
[2025-10-08 13:50:01] [Info] [Main] [PID:29248] [TID:16] Log file initialized: .\log\winrmconfig_enhanced_20251008.log | Details: LogPath=.\log LogFile=.\log\winrmconfig_enhanced_20251008.log
[2025-10-08 13:50:01] [Info] [Main] [PID:29248] [TID:16] Getting quick status | Details: Action=status
[2025-10-08 13:50:01] [Info] [Main] [PID:29248] [TID:16] Generating quick WinRM status...
[2025-10-08 13:50:14] [Success] [Main] [PID:29248] [TID:16] Configuration completed successfully | Details: Port=0 ThumbPrint= User= ListenerType= Action=status
[2025-10-08 13:50:39] [Info] [Main] [PID:15452] [TID:17] Inicializando WinRM Configuration Script Enhanced v2.1.0 | Details: Language=pt-BR Version=2.1.0 Action=status LogLevel=Info
[2025-10-08 13:50:39] [Info] [Main] [PID:15452] [TID:17] Arquivo de log inicializado: .\log\winrmconfig_enhanced_20251008.log | Details: LogPath=.\log LogFile=.\log\winrmconfig_enhanced_20251008.log
[2025-10-08 13:50:39] [Info] [Main] [PID:15452] [TID:17] Obtendo status rapido | Details: Action=status
[2025-10-08 13:50:39] [Info] [Main] [PID:15452] [TID:17] Gerando status rápido do WinRM...
[2025-10-08 13:50:48] [Success] [Main] [PID:15452] [TID:17] Configuracao completa finalizada | Details: Port=0 ThumbPrint= User= ListenerType= Action=status
[2025-10-08 13:52:32] [Info] [Main] [PID:28428] [TID:17] Inicializando WinRM Configuration Script Enhanced v2.1.0 | Details: Language=pt-BR Version=2.1.0 Action=status LogLevel=Info
[2025-10-08 13:52:32] [Info] [Main] [PID:28428] [TID:17] Arquivo de log inicializado: .\log\winrmconfig_enhanced_20251008.log | Details: LogPath=.\log LogFile=.\log\winrmconfig_enhanced_20251008.log
[2025-10-08 13:52:32] [Info] [Main] [PID:28428] [TID:17] Obtendo status rapido | Details: Action=status
[2025-10-08 13:52:32] [Info] [Main] [PID:28428] [TID:17] Gerando status rápido do WinRM...
[2025-10-08 13:52:45] [Success] [Main] [PID:28428] [TID:17] Configuracao completa finalizada | Details: Port=0 ThumbPrint= User= ListenerType= Action=status
[2025-10-08 14:15:45] [Info] [Main] [PID:15452] [TID:17] Inicializando WinRM Configuration Script Enhanced v2.1.0 | Details: Language=pt-BR Version=2.1.0 Action=status LogLevel=Info
[2025-10-08 14:15:45] [Info] [Main] [PID:15452] [TID:17] Arquivo de log inicializado: .\log\winrmconfig_enhanced_20251008.log | Details: LogPath=.\log LogFile=.\log\winrmconfig_enhanced_20251008.log
[2025-10-08 14:15:45] [Info] [Main] [PID:15452] [TID:17] Obtendo status rapido | Details: Action=status
[2025-10-08 14:15:45] [Info] [Main] [PID:15452] [TID:17] Gerando status rápido do WinRM...
[2025-10-08 14:15:53] [Success] [Main] [PID:15452] [TID:17] Configuracao completa finalizada | Details: Port=0 ThumbPrint= User= ListenerType= Action=status
[2025-10-08 14:28:33] [Info] [Main] [PID:15452] [TID:17] Inicializando WinRM Configuration Script Enhanced v2.1.0 | Details: Language=pt-BR Version=2.1.0 Action=status LogLevel=Info
[2025-10-08 14:28:33] [Info] [Main] [PID:15452] [TID:17] Arquivo de log inicializado: .\log\winrmconfig_enhanced_20251008.log | Details: LogPath=.\log LogFile=.\log\winrmconfig_enhanced_20251008.log
[2025-10-08 14:28:33] [Info] [Main] [PID:15452] [TID:17] Obtendo status rapido | Details: Action=status
[2025-10-08 14:28:33] [Info] [Main] [PID:15452] [TID:17] Gerando status rápido do WinRM...
[2025-10-08 14:28:47] [Success] [Main] [PID:15452] [TID:17] Configuracao completa finalizada | Details: Port=0 ThumbPrint= User= ListenerType= Action=status
[2025-10-08 14:31:13] [Info] [Main] [PID:38956] [TID:16] Inicializando WinRM Configuration Script Enhanced v2.1.0 | Details: Language=pt-BR Version=2.1.0 Action=status LogLevel=Info
[2025-10-08 14:31:13] [Info] [Main] [PID:38956] [TID:16] Arquivo de log inicializado: .\log\winrmconfig_enhanced_20251008.log | Details: LogPath=.\log LogFile=.\log\winrmconfig_enhanced_20251008.log
[2025-10-08 14:31:13] [Info] [Main] [PID:38956] [TID:16] Obtendo status rapido | Details: Action=status
[2025-10-08 14:31:13] [Info] [Main] [PID:38956] [TID:16] Gerando status rapido do WinRM...
[2025-10-08 14:31:26] [Success] [Main] [PID:38956] [TID:16] Configuracao completa finalizada | Details: Port=0 ThumbPrint= User= ListenerType= Action=status
[2025-10-08 14:33:25] [Info] [Main] [PID:28044] [TID:18] Inicializando WinRM Configuration Script Enhanced v2.1.0 | Details: Language=pt-BR Version=2.1.0 Action=status LogLevel=Info
[2025-10-08 14:33:25] [Info] [Main] [PID:28044] [TID:18] Arquivo de log inicializado: .\log\winrmconfig_enhanced_20251008.log | Details: LogPath=.\log LogFile=.\log\winrmconfig_enhanced_20251008.log
[2025-10-08 14:33:25] [Info] [Main] [PID:28044] [TID:18] Obtendo status rapido | Details: Action=status
[2025-10-08 14:33:25] [Info] [Main] [PID:28044] [TID:18] Gerando status rapido do WinRM...
[2025-10-08 14:33:35] [Info] [Main] [PID:15452] [TID:17] Inicializando WinRM Configuration Script Enhanced v2.1.0 | Details: Language=pt-BR Version=2.1.0 Action=status LogLevel=Info
[2025-10-08 14:33:35] [Info] [Main] [PID:15452] [TID:17] Arquivo de log inicializado: .\log\winrmconfig_enhanced_20251008.log | Details: LogPath=.\log LogFile=.\log\winrmconfig_enhanced_20251008.log
[2025-10-08 14:33:35] [Info] [Main] [PID:15452] [TID:17] Obtendo status rapido | Details: Action=status
[2025-10-08 14:33:35] [Info] [Main] [PID:15452] [TID:17] Gerando status rapido do WinRM...
[2025-10-08 14:33:40] [Success] [Main] [PID:28044] [TID:18] Configuracao completa finalizada | Details: Port=0 ThumbPrint= User= ListenerType= Action=status
[2025-10-08 14:33:47] [Success] [Main] [PID:15452] [TID:17] Configuracao completa finalizada | Details: Port=0 ThumbPrint= User= ListenerType= Action=status
[2025-10-08 15:02:19] [Info] [Main] [PID:15452] [TID:17] Initializing WinRM Configuration Script Enhanced v2.1.0 | Details: Version=2.1.0 Action=ShowHelp LogLevel=Error
[2025-10-08 15:02:19] [Info] [Main] [PID:15452] [TID:17] Log file initialized: .\log\winrmconfig_enhanced_20251008.log | Details: LogPath=.\log LogFile=.\log\winrmconfig_enhanced_20251008.log
[2025-10-08 15:02:26] [Info] [Main] [PID:15452] [TID:17] Initializing WinRM Configuration Script Enhanced v2.1.0 | Details: Version=2.1.0 Action=ShowHelpLong LogLevel=Error
[2025-10-08 15:02:26] [Info] [Main] [PID:15452] [TID:17] Log file initialized: .\log\winrmconfig_enhanced_20251008.log | Details: LogPath=.\log LogFile=.\log\winrmconfig_enhanced_20251008.log
[2025-10-08 15:03:57] [Info] [Main] [PID:15452] [TID:17] Initializing WinRM Configuration Script Enhanced v2.1.0 | Details: Version=2.1.0 Action=ShowHelpLong LogLevel=Error
[2025-10-08 15:03:57] [Info] [Main] [PID:15452] [TID:17] Log file initialized: .\log\winrmconfig_enhanced_20251008.log | Details: LogPath=.\log LogFile=.\log\winrmconfig_enhanced_20251008.log
[2025-10-08 15:04:03] [Info] [Main] [PID:15452] [TID:17] Initializing WinRM Configuration Script Enhanced v2.1.0 | Details: Version=2.1.0 Action=ShowHelp LogLevel=Error
[2025-10-08 15:04:03] [Info] [Main] [PID:15452] [TID:17] Log file initialized: .\log\winrmconfig_enhanced_20251008.log | Details: LogPath=.\log LogFile=.\log\winrmconfig_enhanced_20251008.log
[2025-10-08 15:04:20] [Info] [Main] [PID:15452] [TID:17] Initializing WinRM Configuration Script Enhanced v2.1.0 | Details: Version=2.1.0 Action=showhelp LogLevel=Error
[2025-10-08 15:04:20] [Info] [Main] [PID:15452] [TID:17] Log file initialized: .\log\winrmconfig_enhanced_20251008.log | Details: LogPath=.\log LogFile=.\log\winrmconfig_enhanced_20251008.log
[2025-10-08 15:17:33] [Info] [Main] [PID:15452] [TID:17] Initializing WinRM Configuration Script Enhanced v2.1.0 | Details: Version=2.1.0 Action=showhelp LogLevel=Error
[2025-10-08 15:17:33] [Info] [Main] [PID:15452] [TID:17] Log file initialized: .\log\winrmconfig_enhanced_20251008.log | Details: LogPath=.\log LogFile=.\log\winrmconfig_enhanced_20251008.log
[2025-10-08 15:23:58] [Info] [Main] [PID:15452] [TID:17] Initializing WinRM Configuration Script Enhanced v2.1.0 | Details: Version=2.1.0 Action=showhelp LogLevel=Error
[2025-10-08 15:23:58] [Info] [Main] [PID:15452] [TID:17] Log file initialized: .\log\winrmconfig_enhanced_20251008.log | Details: LogPath=.\log LogFile=.\log\winrmconfig_enhanced_20251008.log
[2025-10-08 15:24:06] [Info] [Main] [PID:15452] [TID:17] Initializing WinRM Configuration Script Enhanced v2.1.0 | Details: Version=2.1.0 Action=ShowHelpLong LogLevel=Error
[2025-10-08 15:24:06] [Info] [Main] [PID:15452] [TID:17] Log file initialized: .\log\winrmconfig_enhanced_20251008.log | Details: LogPath=.\log LogFile=.\log\winrmconfig_enhanced_20251008.log
